# JRE version: OpenJDK Runtime Environment Microsoft-13053607 (25.0.2+10) (build 25.0.2+10-LTS)
# Java VM: OpenJDK 64-Bit Server VM Microsoft-13053607 (25.0.2+10-LTS, mixed mode, sharing, tiered, compressed oops, compressed class ptrs, g1 gc, windows-amd64)
GC Precious Log:
 CardTable entry size: 512
 Card Set container configuration: InlinePtr #cards 4 size 8 Array Of Cards #cards 32 size 80 Howl #buckets 8 coarsen threshold 7372 Howl Bitmap #cards 1024 size 144 coarsen threshold 921 Card regions per heap region 1 cards per card region 8192
 CPUs: 16 total, 16 available
 Memory: 14020M
 Large Page Support: Disabled
 NUMA Support: Disabled
 Compressed Oops: Enabled (Zero based)
 Heap Region Size: 4M
 Heap Min Capacity: 8M
 Heap Initial Capacity: 220M
 Heap Max Capacity: 5536M
 Pre-touch: Disabled
 Parallel Workers: 13
 Concurrent Workers: 3
 Concurrent Refinement Workers: 13
 Periodic GC: Disabled
 G1 Time-Based Heap Sizing enabled (uncommit-only)
 Evaluation Interval: 60s, Uncommit Delay: 300s, Min Regions To Uncommit: 10
Heap:
 garbage-first heap   total reserved 5668864K, committed 270336K, used 217290K [0x00000006a6000000, 0x0000000800000000)
  region size 4096K, 35 young (143360K), 2 survivors (8192K)
GC Heap Usage History (20 events):
Event: 5.670 {heap Before GC invocations=27 (full 0):
 garbage-first heap   total reserved 5668864K, committed 172032K, used 158539K [0x00000006a6000000, 0x0000000800000000)
  region size 4096K, 21 young (86016K), 1 survivors (4096K)
}
Event: 5.673 {heap After GC invocations=28 (full 0):
 garbage-first heap   total reserved 5668864K, committed 172032K, used 77569K [0x00000006a6000000, 0x0000000800000000)
  region size 4096K, 2 young (8192K), 2 survivors (8192K)
}
Event: 5.879 {heap Before GC invocations=28 (full 0):
 garbage-first heap   total reserved 5668864K, committed 172032K, used 155393K [0x00000006a6000000, 0x0000000800000000)
  region size 4096K, 21 young (86016K), 2 survivors (8192K)
}
Event: 5.882 {heap After GC invocations=29 (full 0):
 garbage-first heap   total reserved 5668864K, committed 172032K, used 78156K [0x00000006a6000000, 0x0000000800000000)
  region size 4096K, 2 young (8192K), 2 survivors (8192K)
}
Event: 6.033 {heap Before GC invocations=30 (full 0):
 garbage-first heap   total reserved 5668864K, committed 172032K, used 155980K [0x00000006a6000000, 0x0000000800000000)
  region size 4096K, 21 young (86016K), 2 survivors (8192K)
}
Event: 6.036 {heap After GC invocations=31 (full 0):
 garbage-first heap   total reserved 5668864K, committed 172032K, used 78828K [0x00000006a6000000, 0x0000000800000000)
  region size 4096K, 2 young (8192K), 2 survivors (8192K)
}
Event: 6.301 {heap Before GC invocations=31 (full 0):
 garbage-first heap   total reserved 5668864K, committed 172032K, used 152556K [0x00000006a6000000, 0x0000000800000000)
  region size 4096K, 21 young (86016K), 2 survivors (8192K)
}
Event: 6.303 {heap After GC invocations=32 (full 0):
 garbage-first heap   total reserved 5668864K, committed 172032K, used 76508K [0x00000006a6000000, 0x0000000800000000)
  region size 4096K, 1 young (4096K), 1 survivors (4096K)
}
Event: 6.519 {heap Before GC invocations=33 (full 0):
 garbage-first heap   total reserved 5668864K, committed 172032K, used 154332K [0x00000006a6000000, 0x0000000800000000)
  region size 4096K, 21 young (86016K), 1 survivors (4096K)
}
Event: 6.520 {heap After GC invocations=34 (full 0):
 garbage-first heap   total reserved 5668864K, committed 172032K, used 76530K [0x00000006a6000000, 0x0000000800000000)
  region size 4096K, 1 young (4096K), 1 survivors (4096K)
}
Event: 6.623 {heap Before GC invocations=34 (full 0):
 garbage-first heap   total reserved 5668864K, committed 172032K, used 158450K [0x00000006a6000000, 0x0000000800000000)
  region size 4096K, 21 young (86016K), 1 survivors (4096K)
}
Event: 6.626 {heap After GC invocations=35 (full 0):
 garbage-first heap   total reserved 5668864K, committed 172032K, used 79964K [0x00000006a6000000, 0x0000000800000000)
  region size 4096K, 2 young (8192K), 2 survivors (8192K)
}
Event: 6.753 {heap Before GC invocations=36 (full 0):
 garbage-first heap   total reserved 5668864K, committed 172032K, used 153692K [0x00000006a6000000, 0x0000000800000000)
  region size 4096K, 21 young (86016K), 2 survivors (8192K)
}
Event: 6.756 {heap After GC invocations=37 (full 0):
 garbage-first heap   total reserved 5668864K, committed 172032K, used 81370K [0x00000006a6000000, 0x0000000800000000)
  region size 4096K, 3 young (12288K), 3 survivors (12288K)
}
Event: 6.863 {heap Before GC invocations=37 (full 0):
 garbage-first heap   total reserved 5668864K, committed 172032K, used 155098K [0x00000006a6000000, 0x0000000800000000)
  region size 4096K, 21 young (86016K), 3 survivors (12288K)
}
Event: 6.866 {heap After GC invocations=38 (full 0):
 garbage-first heap   total reserved 5668864K, committed 176128K, used 86285K [0x00000006a6000000, 0x0000000800000000)
  region size 4096K, 3 young (12288K), 3 survivors (12288K)
}
Event: 6.932 {heap Before GC invocations=39 (full 0):
 garbage-first heap   total reserved 5668864K, committed 176128K, used 160013K [0x00000006a6000000, 0x0000000800000000)
  region size 4096K, 21 young (86016K), 3 survivors (12288K)
}
Event: 6.935 {heap After GC invocations=40 (full 0):
 garbage-first heap   total reserved 5668864K, committed 176128K, used 86825K [0x00000006a6000000, 0x0000000800000000)
  region size 4096K, 2 young (8192K), 2 survivors (8192K)
}
Event: 6.990 {heap Before GC invocations=40 (full 0):
 garbage-first heap   total reserved 5668864K, committed 176128K, used 156457K [0x00000006a6000000, 0x0000000800000000)
  region size 4096K, 20 young (81920K), 2 survivors (8192K)
}
Event: 6.992 {heap After GC invocations=41 (full 0):
 garbage-first heap   total reserved 5668864K, committed 270336K, used 86218K [0x00000006a6000000, 0x0000000800000000)
  region size 4096K, 2 young (8192K), 2 survivors (8192K)
}

